[18:55:03] [main/INFO] ========================================
[18:55:03] [main/INFO] Minecraft: 1.21.5
[18:55:03] [main/INFO] Side: server
[18:55:03] [main/INFO] Development: false
[18:55:03] [main/INFO] Version: 19.0.806
[18:55:03] [main/INFO] Loader:
[18:55:03] [main/INFO] - Fabric: 0.16.14
[18:55:03] [main/INFO] - Fabric API: 0.121.0+1.21.5
[18:55:03] [main/INFO] Dependencies:
[18:55:03] [main/INFO] - Cloth Config: 18.0.145
[18:55:03] [main/INFO] - Architectury: 16.1.4
[18:55:03] [main/INFO] Mixin: 0.8.7
[18:55:03] [main/INFO] OS: Windows 11 10.0 (amd64)
[18:55:03] [main/INFO] Java: 22.0.2 (Oracle Corporation)
[18:55:03] [main/INFO] ========================================
[18:55:03] [main/INFO] Mods:
[18:55:03] [main/INFO] - additionalstructures: 5.1.0-fabric
[18:55:03] [main/INFO] - architectury: 16.1.4
[18:55:03] [main/INFO] - boxlib: 17.0.2
[18:55:03] [main/INFO] - cloth-basic-math: 0.6.1
[18:55:03] [main/INFO] - cloth-config: 18.0.145
[18:55:03] [main/INFO] - cloth-config: 18.0.145
[18:55:03] [main/INFO] - collective: 8.3
[18:55:03] [main/INFO] - com_electronwill_night-config_core: 3.8.1
[18:55:03] [main/INFO] - com_electronwill_night-config_toml: 3.8.1
[18:55:03] [main/INFO] - coordinatesdisplay: 16.0.0
[18:55:03] [main/INFO] - de_miraculixx_core_dev: 2.4.2
[18:55:03] [main/INFO] - error_notifier: 1.0.11
[18:55:03] [main/INFO] - fabric-api: 0.121.0+1.21.5
[18:55:03] [main/INFO] - fabric-api: 0.121.0+1.21.5
[18:55:03] [main/INFO] - fabric-api-base: 0.4.62+73a52b4b49
[18:55:03] [main/INFO] - fabric-api-lookup-api-v1: 1.6.95+86c3a9f149
[18:55:03] [main/INFO] - fabric-biome-api-v1: 16.0.7+2dd063df49
[18:55:03] [main/INFO] - fabric-block-api-v1: 1.0.37+86c3a9f149
[18:55:03] [main/INFO] - fabric-block-view-api-v2: 1.0.26+aa6d566c49
[18:55:03] [main/INFO] - fabric-command-api-v1: 1.2.70+f71b366f49
[18:55:03] [main/INFO] - fabric-command-api-v2: 2.2.49+73a52b4b49
[18:55:03] [main/INFO] - fabric-commands-v0: 0.2.87+df3654b349
[18:55:03] [main/INFO] - fabric-content-registries-v0: 10.0.12+3e6c1f7d49
[18:55:03] [main/INFO] - fabric-convention-tags-v1: 2.1.29+7f945d5b49
[18:55:03] [main/INFO] - fabric-convention-tags-v2: 2.14.3+fca633a049
[18:55:03] [main/INFO] - fabric-crash-report-info-v1: 0.3.12+86c3a9f149
[18:55:03] [main/INFO] - fabric-data-attachment-api-v1: 1.7.0+9c0dd47249
[18:55:03] [main/INFO] - fabric-data-generation-api-v1: 22.3.4+fd2b524049
[18:55:03] [main/INFO] - fabric-dimensions-v1: 4.0.17+3e6c1f7d49
[18:55:03] [main/INFO] - fabric-entity-events-v1: 2.0.25+27c1078f49
[18:55:03] [main/INFO] - fabric-events-interaction-v0: 4.0.13+73a52b4b49
[18:55:03] [main/INFO] - fabric-game-rule-api-v1: 1.0.70+c327076a49
[18:55:03] [main/INFO] - fabric-item-api-v1: 11.3.2+2ccdb6ef49
[18:55:03] [main/INFO] - fabric-item-group-api-v1: 4.2.8+3459fc6149
[18:55:03] [main/INFO] - fabric-language-kotlin: 1.13.2+kotlin.2.1.20
[18:55:03] [main/INFO] - fabric-lifecycle-events-v1: 2.5.13+5cbce67349
[18:55:03] [main/INFO] - fabric-loot-api-v2: 3.0.47+3f89f5a549
[18:55:03] [main/INFO] - fabric-loot-api-v3: 1.0.35+86c3a9f149
[18:55:03] [main/INFO] - fabric-message-api-v1: 6.0.33+86c3a9f149
[18:55:03] [main/INFO] - fabric-networking-api-v1: 4.4.0+f3ffa98949
[18:55:03] [main/INFO] - fabric-object-builder-api-v1: 21.0.0+7b20cbb049
[18:55:03] [main/INFO] - fabric-particles-v1: 4.1.1+112e550e49
[18:55:03] [main/INFO] - fabric-permissions-api-v0: 0.3.3
[18:55:03] [main/INFO] - fabric-recipe-api-v1: 8.1.6+052a85d049
[18:55:03] [main/INFO] - fabric-registry-sync-v0: 6.1.20+b556383249
[18:55:03] [main/INFO] - fabric-rendering-data-attachment-v1: 0.3.64+73761d2e49
[18:55:03] [main/INFO] - fabric-rendering-fluids-v1: 3.1.27+86c3a9f149
[18:55:03] [main/INFO] - fabric-resource-conditions-api-v1: 5.0.21+73a52b4b49
[18:55:03] [main/INFO] - fabric-resource-loader-v0: 3.1.6+02ca679649
[18:55:03] [main/INFO] - fabric-screen-handler-api-v1: 1.3.127+c327076a49
[18:55:03] [main/INFO] - fabric-tag-api-v1: 1.0.16+ecf51cdc49
[18:55:03] [main/INFO] - fabric-transfer-api-v1: 5.4.23+7b20cbb049
[18:55:03] [main/INFO] - fabric-transitive-access-wideners-v1: 6.3.17+f17a180c49
[18:55:03] [main/INFO] - fabricloader: 0.16.14
[18:55:03] [main/INFO] - forgeconfigapiport: 21.5.1
[18:55:03] [main/INFO] - java: 22
[18:55:03] [main/INFO] - milkman: 2.4
[18:55:03] [main/INFO] - minecraft: 1.21.5
[18:55:03] [main/INFO] - mixinextras: 0.4.1
[18:55:03] [main/INFO] - mr_guns: 5.8.1
[18:55:03] [main/INFO] - noenchantmentcaplevel: 1.1
[18:55:03] [main/INFO] - nohostilesaroundcampfire: 7.2
[18:55:03] [main/INFO] - org_jetbrains_kotlin_kotlin-reflect: 2.1.20
[18:55:03] [main/INFO] - org_jetbrains_kotlin_kotlin-stdlib: 2.1.20
[18:55:03] [main/INFO] - org_jetbrains_kotlin_kotlin-stdlib-jdk7: 2.1.20
[18:55:03] [main/INFO] - org_jetbrains_kotlin_kotlin-stdlib-jdk8: 2.1.20
[18:55:03] [main/INFO] - org_jetbrains_kotlinx_atomicfu-jvm: 0.27.0
[18:55:03] [main/INFO] - org_jetbrains_kotlinx_kotlinx-coroutines-core-jvm: 1.10.1
[18:55:03] [main/INFO] - org_jetbrains_kotlinx_kotlinx-coroutines-jdk8: 1.10.1
[18:55:03] [main/INFO] - org_jetbrains_kotlinx_kotlinx-datetime-jvm: 0.6.2
[18:55:03] [main/INFO] - org_jetbrains_kotlinx_kotlinx-io-bytestring-jvm: 0.7.0
[18:55:03] [main/INFO] - org_jetbrains_kotlinx_kotlinx-io-core-jvm: 0.7.0
[18:55:03] [main/INFO] - org_jetbrains_kotlinx_kotlinx-serialization-cbor-jvm: 1.8.0
[18:55:03] [main/INFO] - org_jetbrains_kotlinx_kotlinx-serialization-core-jvm: 1.8.0
[18:55:03] [main/INFO] - org_jetbrains_kotlinx_kotlinx-serialization-json-jvm: 1.8.0
[18:55:03] [main/INFO] - puzzleslib: 21.5.9
[18:55:03] [main/INFO] - roughlyenoughitems: 19.0.806
[18:55:03] [main/INFO] - silk-all: 1.11.1
[18:55:03] [main/INFO] - silk-commands: 1.11.1
[18:55:03] [main/INFO] - silk-core: 1.11.1
[18:55:03] [main/INFO] - silk-game: 1.11.1
[18:55:03] [main/INFO] - silk-igui: 1.11.1
[18:55:03] [main/INFO] - silk-nbt: 1.11.1
[18:55:03] [main/INFO] - silk-network: 1.11.1
[18:55:03] [main/INFO] - silk-persistence: 1.11.1
[18:55:03] [main/INFO] - veinminer: 2.4.2
[18:55:03] [main/INFO] - voicechat: 1.21.5-2.5.30
[18:55:03] [main/INFO] ========================================
[18:55:03] [main/INFO] [REI] Registered plugin provider DefaultPlugin [roughlyenoughitems] for REICommonPlugin
[18:55:03] [main/INFO] [REI] Registered plugin provider DefaultRuntimePlugin [roughlyenoughitems] for REICommonPlugin
[18:55:03] [main/INFO] [REI] Registered plugin provider FabricFluidAPISupportPlugin for REICommonPlugin
[18:55:07] [main/DEBUG] [REI] Processed 456 tags in 6.001 ms for minecraft:item
[18:55:07] [main/DEBUG] [REI] Processed 5 tags in 54.80 μs for minecraft:fluid
[18:55:07] [main/DEBUG] [REI] Processed 49 tags in 196.4 μs for minecraft:entity_type
[18:55:08] [main/DEBUG] [REI] Processed 5 tags in 103.7 μs for minecraft:game_event
[18:55:08] [main/DEBUG] [REI] Processed 324 tags in 4.602 ms for minecraft:block
[18:55:08] [main/DEBUG] [REI] Processed 3 tags in 108.2 μs for minecraft:point_of_interest_type
[18:55:20] [Server thread/DEBUG] [REI] Starting Reload Plugins of stage null
java.lang.Throwable
	at knot//me.shedaniel.rei.impl.common.plugins.ReloadManagerImpl.reloadPlugins(ReloadManagerImpl.java:110)
	at knot//me.shedaniel.rei.RoughlyEnoughItemsCore.lambda$onInitialize$5(RoughlyEnoughItemsCore.java:157)
	at knot//dev.architectury.event.fabric.EventHandlerImpl.lambda$registerCommon$10(EventHandlerImpl.java:67)
	at knot//net.fabricmc.fabric.api.event.lifecycle.v1.ServerLifecycleEvents.lambda$static$2(ServerLifecycleEvents.java:49)
	at knot//net.minecraft.server.MinecraftServer.handler$zim000$fabric-lifecycle-events-v1$afterSetupServer(MinecraftServer.java:2697)
	at knot//net.minecraft.server.MinecraftServer.method_29741(MinecraftServer.java:675)
	at knot//net.minecraft.server.MinecraftServer.method_29739(MinecraftServer.java:290)
	at java.base/java.lang.Thread.run(Thread.java:1570)
[18:55:20] [Server thread/DEBUG] [REI] ========================================
[18:55:20] [Server thread/DEBUG] [REI] REICommonPlugin starting pre-reload for START.
[18:55:20] [Server thread/DEBUG] [REI] Reloadables (8):
[18:55:20] [Server thread/DEBUG] [REI]  - SlotAccessorRegistryImpl
[18:55:20] [Server thread/DEBUG] [REI]  - EntryTypeRegistryImpl
[18:55:20] [Server thread/DEBUG] [REI]  - EntrySettingsAdapterRegistryImpl
[18:55:20] [Server thread/DEBUG] [REI]  - ItemComparatorRegistryImpl
[18:55:20] [Server thread/DEBUG] [REI]  - FluidComparatorRegistryImpl
[18:55:20] [Server thread/DEBUG] [REI]  - DisplaySerializerRegistryImpl
[18:55:20] [Server thread/DEBUG] [REI]  - ServerDisplayRegistryImpl
[18:55:20] [Server thread/DEBUG] [REI]  - FluidSupportProviderImpl
[18:55:20] [Server thread/DEBUG] [REI] Plugins (3):
[18:55:20] [Server thread/DEBUG] [REI]  - (-100.00) DefaultPlugin of DefaultPlugin [roughlyenoughitems]
[18:55:20] [Server thread/DEBUG] [REI]  - (0.00) FabricFluidAPISupportPlugin
[18:55:20] [Server thread/DEBUG] [REI]  - (0.00) DefaultRuntimePlugin of DefaultRuntimePlugin [roughlyenoughitems]
[18:55:20] [Server thread/DEBUG] [REI] ========================================
[18:55:20] [Server thread/TRACE] [REI] [REICommonPlugin START] Reloading Section: "pre-register/"
[18:55:20] [Server thread/TRACE] [REI] [REICommonPlugin START] Reloading Section: "pre-register/DefaultPlugin of DefaultPlugin [roughlyenoughitems]/"
[18:55:20] [Server thread/TRACE] [REI] [REICommonPlugin START] Reloading Section: "pre-register/DefaultPlugin of DefaultPlugin [roughlyenoughitems]/" done in 766.4 μs
[18:55:20] [Server thread/TRACE] [REI] [REICommonPlugin START] Reloading Section: "pre-register/FabricFluidAPISupportPlugin/"
[18:55:20] [Server thread/TRACE] [REI] [REICommonPlugin START] Reloading Section: "pre-register/FabricFluidAPISupportPlugin/" done in 39.50 μs
[18:55:20] [Server thread/TRACE] [REI] [REICommonPlugin START] Reloading Section: "pre-register/DefaultRuntimePlugin of DefaultRuntimePlugin [roughlyenoughitems]/"
[18:55:20] [Server thread/TRACE] [REI] [REICommonPlugin START] Reloading Section: "pre-register/DefaultRuntimePlugin of DefaultRuntimePlugin [roughlyenoughitems]/" done in 21.50 μs
[18:55:20] [Server thread/TRACE] [REI] [REICommonPlugin START] Reloading Section: "pre-register/" done in 17.70 ms
[18:55:20] [Server thread/TRACE] [REI] [REICommonPlugin START] Reloading Section: "pre-stage/"
[18:55:20] [Server thread/TRACE] [REI] [REICommonPlugin START] Reloading Section: "pre-stage/SlotAccessorRegistryImpl/"
[18:55:20] [Server thread/TRACE] [REI] [REICommonPlugin START] Reloading Section: "pre-stage/SlotAccessorRegistryImpl/" done in 422.0 μs
[18:55:20] [Server thread/TRACE] [REI] [REICommonPlugin START] Reloading Section: "pre-stage/EntryTypeRegistryImpl/"
[18:55:20] [Server thread/TRACE] [REI] [REICommonPlugin START] Reloading Section: "pre-stage/EntryTypeRegistryImpl/" done in 32.10 μs
[18:55:20] [Server thread/TRACE] [REI] [REICommonPlugin START] Reloading Section: "pre-stage/EntrySettingsAdapterRegistryImpl/"
[18:55:20] [Server thread/TRACE] [REI] [REICommonPlugin START] Reloading Section: "pre-stage/EntrySettingsAdapterRegistryImpl/" done in 19.10 μs
[18:55:20] [Server thread/TRACE] [REI] [REICommonPlugin START] Reloading Section: "pre-stage/ItemComparatorRegistryImpl/"
[18:55:20] [Server thread/TRACE] [REI] [REICommonPlugin START] Reloading Section: "pre-stage/ItemComparatorRegistryImpl/" done in 18.50 μs
[18:55:20] [Server thread/TRACE] [REI] [REICommonPlugin START] Reloading Section: "pre-stage/FluidComparatorRegistryImpl/"
[18:55:20] [Server thread/TRACE] [REI] [REICommonPlugin START] Reloading Section: "pre-stage/FluidComparatorRegistryImpl/" done in 19.90 μs
[18:55:20] [Server thread/TRACE] [REI] [REICommonPlugin START] Reloading Section: "pre-stage/DisplaySerializerRegistryImpl/"
[18:55:20] [Server thread/TRACE] [REI] [REICommonPlugin START] Reloading Section: "pre-stage/DisplaySerializerRegistryImpl/" done in 17.50 μs
[18:55:20] [Server thread/TRACE] [REI] [REICommonPlugin START] Reloading Section: "pre-stage/ServerDisplayRegistryImpl/"
[18:55:20] [Server thread/TRACE] [REI] [REICommonPlugin START] Reloading Section: "pre-stage/ServerDisplayRegistryImpl/" done in 17.90 μs
[18:55:20] [Server thread/TRACE] [REI] [REICommonPlugin START] Reloading Section: "pre-stage/FluidSupportProviderImpl/"
[18:55:20] [Server thread/TRACE] [REI] [REICommonPlugin START] Reloading Section: "pre-stage/FluidSupportProviderImpl/" done in 29.20 μs
[18:55:20] [Server thread/TRACE] [REI] [REICommonPlugin START] Reloading Section: "pre-stage/" done in 1.091 ms
[18:55:20] [Server thread/DEBUG] [REI] ========================================
[18:55:20] [Server thread/DEBUG] [REI] REICommonPlugin finished pre-reload for START in 20.38 ms.
[18:55:20] [Server thread/DEBUG] [REI] ========================================
[18:55:20] [Server thread/INFO] [REI] %%%%%%%%%%%%%%%%%%%%%%%%%%%%%%%%%%%%%%%%
[18:55:20] [Server thread/INFO] [REI] REICommonPlugin starting main-reload for START.
[18:55:20] [Server thread/DEBUG] [REI] Reloadables (8):
[18:55:20] [Server thread/DEBUG] [REI]  - SlotAccessorRegistryImpl
[18:55:20] [Server thread/DEBUG] [REI]  - EntryTypeRegistryImpl
[18:55:20] [Server thread/DEBUG] [REI]  - EntrySettingsAdapterRegistryImpl
[18:55:20] [Server thread/DEBUG] [REI]  - ItemComparatorRegistryImpl
[18:55:20] [Server thread/DEBUG] [REI]  - FluidComparatorRegistryImpl
[18:55:20] [Server thread/DEBUG] [REI]  - DisplaySerializerRegistryImpl
[18:55:20] [Server thread/DEBUG] [REI]  - ServerDisplayRegistryImpl
[18:55:20] [Server thread/DEBUG] [REI]  - FluidSupportProviderImpl
[18:55:20] [Server thread/INFO] [REI] Plugins (3):
[18:55:20] [Server thread/INFO] [REI]  - (-100.00) DefaultPlugin of DefaultPlugin [roughlyenoughitems]
[18:55:20] [Server thread/INFO] [REI]  - (0.00) FabricFluidAPISupportPlugin
[18:55:20] [Server thread/INFO] [REI]  - (0.00) DefaultRuntimePlugin of DefaultRuntimePlugin [roughlyenoughitems]
[18:55:20] [Server thread/INFO] [REI] %%%%%%%%%%%%%%%%%%%%%%%%%%%%%%%%%%%%%%%%
[18:55:20] [Server thread/TRACE] [REI] [REICommonPlugin START] Reloading Section: "start-reload/"
[18:55:20] [Server thread/TRACE] [REI] [REICommonPlugin START] Reloading Section: "start-reload/SlotAccessorRegistryImpl/"
[18:55:20] [Server thread/TRACE] [REI] [REICommonPlugin START] Reloading Section: "start-reload/SlotAccessorRegistryImpl/" done in 158.2 μs
[18:55:20] [Server thread/TRACE] [REI] [REICommonPlugin START] Reloading Section: "start-reload/EntryTypeRegistryImpl/"
[18:55:20] [Server thread/TRACE] [REI] [REICommonPlugin START] Reloading Section: "start-reload/EntryTypeRegistryImpl/" done in 119.9 μs
[18:55:20] [Server thread/TRACE] [REI] [REICommonPlugin START] Reloading Section: "start-reload/EntrySettingsAdapterRegistryImpl/"
[18:55:20] [Server thread/TRACE] [REI] [REICommonPlugin START] Reloading Section: "start-reload/EntrySettingsAdapterRegistryImpl/" done in 66.80 μs
[18:55:20] [Server thread/TRACE] [REI] [REICommonPlugin START] Reloading Section: "start-reload/ItemComparatorRegistryImpl/"
[18:55:20] [Server thread/TRACE] [REI] [REICommonPlugin START] Reloading Section: "start-reload/ItemComparatorRegistryImpl/" done in 184.0 μs
[18:55:20] [Server thread/TRACE] [REI] [REICommonPlugin START] Reloading Section: "start-reload/FluidComparatorRegistryImpl/"
[18:55:20] [Server thread/TRACE] [REI] [REICommonPlugin START] Reloading Section: "start-reload/FluidComparatorRegistryImpl/" done in 85.80 μs
[18:55:20] [Server thread/TRACE] [REI] [REICommonPlugin START] Reloading Section: "start-reload/DisplaySerializerRegistryImpl/"
[18:55:20] [Server thread/TRACE] [REI] [REICommonPlugin START] Reloading Section: "start-reload/DisplaySerializerRegistryImpl/" done in 111.0 μs
[18:55:20] [Server thread/TRACE] [REI] [REICommonPlugin START] Reloading Section: "start-reload/ServerDisplayRegistryImpl/"
[18:55:20] [Server thread/TRACE] [REI] [REICommonPlugin START] Reloading Section: "start-reload/ServerDisplayRegistryImpl/" done in 141.6 μs
[18:55:20] [Server thread/TRACE] [REI] [REICommonPlugin START] Reloading Section: "start-reload/FluidSupportProviderImpl/"
[18:55:20] [Server thread/TRACE] [REI] [REICommonPlugin START] Reloading Section: "start-reload/FluidSupportProviderImpl/" done in 58.80 μs
[18:55:20] [Server thread/TRACE] [REI] [REICommonPlugin START] Reloading Section: "start-reload/" done in 3.259 ms
[18:55:20] [Server thread/DEBUG] [REI] ========================================
[18:55:20] [Server thread/DEBUG] [REI] REICommonPlugin started main-reload for START.
[18:55:20] [Server thread/DEBUG] [REI] ========================================
[18:55:20] [Server thread/TRACE] [REI] [REICommonPlugin START] Reloading Section: "reloadable-plugin/SlotAccessorRegistryImpl/"
[18:55:20] [Server thread/TRACE] [REI] [REICommonPlugin START] Reloading Section: "reloadable-plugin/SlotAccessorRegistryImpl/DefaultPlugin of DefaultPlugin [roughlyenoughitems]/"
[18:55:20] [Server thread/TRACE] [REI] [REICommonPlugin START] Reloading Section: "reloadable-plugin/SlotAccessorRegistryImpl/DefaultPlugin of DefaultPlugin [roughlyenoughitems]/" done in 856.1 μs
[18:55:20] [Server thread/TRACE] [REI] [REICommonPlugin START] Reloading Section: "reloadable-plugin/SlotAccessorRegistryImpl/FabricFluidAPISupportPlugin/"
[18:55:20] [Server thread/TRACE] [REI] [REICommonPlugin START] Reloading Section: "reloadable-plugin/SlotAccessorRegistryImpl/FabricFluidAPISupportPlugin/" done in 34.00 μs
[18:55:20] [Server thread/TRACE] [REI] [REICommonPlugin START] Reloading Section: "reloadable-plugin/SlotAccessorRegistryImpl/DefaultRuntimePlugin of DefaultRuntimePlugin [roughlyenoughitems]/"
[18:55:20] [Server thread/TRACE] [REI] [REICommonPlugin START] Reloading Section: "reloadable-plugin/SlotAccessorRegistryImpl/DefaultRuntimePlugin of DefaultRuntimePlugin [roughlyenoughitems]/" done in 43.40 μs
[18:55:20] [Server thread/TRACE] [REI] [REICommonPlugin START] Reloading Section: "reloadable-plugin/SlotAccessorRegistryImpl/" done in 3.091 ms
[18:55:20] [Server thread/TRACE] [REI] [REICommonPlugin START] Reloading Section: "reloadable-plugin/EntryTypeRegistryImpl/"
[18:55:20] [Server thread/TRACE] [REI] [REICommonPlugin START] Reloading Section: "reloadable-plugin/EntryTypeRegistryImpl/DefaultPlugin of DefaultPlugin [roughlyenoughitems]/"
[18:55:20] [Server thread/TRACE] [REI] [REICommonPlugin START] Reloading Section: "reloadable-plugin/EntryTypeRegistryImpl/DefaultPlugin of DefaultPlugin [roughlyenoughitems]/" done in 257.0 μs
[18:55:20] [Server thread/TRACE] [REI] [REICommonPlugin START] Reloading Section: "reloadable-plugin/EntryTypeRegistryImpl/FabricFluidAPISupportPlugin/"
[18:55:20] [Server thread/TRACE] [REI] [REICommonPlugin START] Reloading Section: "reloadable-plugin/EntryTypeRegistryImpl/FabricFluidAPISupportPlugin/" done in 72.50 μs
[18:55:20] [Server thread/TRACE] [REI] [REICommonPlugin START] Reloading Section: "reloadable-plugin/EntryTypeRegistryImpl/DefaultRuntimePlugin of DefaultRuntimePlugin [roughlyenoughitems]/"
[18:55:20] [Server thread/TRACE] [REI] [REICommonPlugin START] Reloading Section: "reloadable-plugin/EntryTypeRegistryImpl/DefaultRuntimePlugin of DefaultRuntimePlugin [roughlyenoughitems]/" done in 9.284 ms
[18:55:20] [Server thread/TRACE] [REI] [REICommonPlugin START] Reloading Section: "reloadable-plugin/EntryTypeRegistryImpl/" done in 10.17 ms
[18:55:20] [Server thread/TRACE] [REI] [REICommonPlugin START] Reloading Section: "reloadable-plugin/EntrySettingsAdapterRegistryImpl/"
[18:55:20] [Server thread/TRACE] [REI] [REICommonPlugin START] Reloading Section: "reloadable-plugin/EntrySettingsAdapterRegistryImpl/DefaultPlugin of DefaultPlugin [roughlyenoughitems]/"
[18:55:20] [Server thread/TRACE] [REI] [REICommonPlugin START] Reloading Section: "reloadable-plugin/EntrySettingsAdapterRegistryImpl/DefaultPlugin of DefaultPlugin [roughlyenoughitems]/" done in 28.10 μs
[18:55:20] [Server thread/TRACE] [REI] [REICommonPlugin START] Reloading Section: "reloadable-plugin/EntrySettingsAdapterRegistryImpl/FabricFluidAPISupportPlugin/"
[18:55:20] [Server thread/TRACE] [REI] [REICommonPlugin START] Reloading Section: "reloadable-plugin/EntrySettingsAdapterRegistryImpl/FabricFluidAPISupportPlugin/" done in 19.60 μs
[18:55:20] [Server thread/TRACE] [REI] [REICommonPlugin START] Reloading Section: "reloadable-plugin/EntrySettingsAdapterRegistryImpl/DefaultRuntimePlugin of DefaultRuntimePlugin [roughlyenoughitems]/"
[18:55:20] [Server thread/TRACE] [REI] [REICommonPlugin START] Reloading Section: "reloadable-plugin/EntrySettingsAdapterRegistryImpl/DefaultRuntimePlugin of DefaultRuntimePlugin [roughlyenoughitems]/" done in 20.10 μs
[18:55:20] [Server thread/TRACE] [REI] [REICommonPlugin START] Reloading Section: "reloadable-plugin/EntrySettingsAdapterRegistryImpl/" done in 295.3 μs
[18:55:20] [Server thread/TRACE] [REI] [REICommonPlugin START] Reloading Section: "reloadable-plugin/ItemComparatorRegistryImpl/"
[18:55:20] [Server thread/TRACE] [REI] [REICommonPlugin START] Reloading Section: "reloadable-plugin/ItemComparatorRegistryImpl/DefaultPlugin of DefaultPlugin [roughlyenoughitems]/"
[18:55:20] [Server thread/TRACE] [REI] [REICommonPlugin START] Reloading Section: "reloadable-plugin/ItemComparatorRegistryImpl/DefaultPlugin of DefaultPlugin [roughlyenoughitems]/" done in 1.447 ms
[18:55:20] [Server thread/TRACE] [REI] [REICommonPlugin START] Reloading Section: "reloadable-plugin/ItemComparatorRegistryImpl/FabricFluidAPISupportPlugin/"
[18:55:20] [Server thread/TRACE] [REI] [REICommonPlugin START] Reloading Section: "reloadable-plugin/ItemComparatorRegistryImpl/FabricFluidAPISupportPlugin/" done in 144.2 μs
[18:55:20] [Server thread/TRACE] [REI] [REICommonPlugin START] Reloading Section: "reloadable-plugin/ItemComparatorRegistryImpl/DefaultRuntimePlugin of DefaultRuntimePlugin [roughlyenoughitems]/"
[18:55:20] [Server thread/TRACE] [REI] [REICommonPlugin START] Reloading Section: "reloadable-plugin/ItemComparatorRegistryImpl/DefaultRuntimePlugin of DefaultRuntimePlugin [roughlyenoughitems]/" done in 117.5 μs
[18:55:20] [Server thread/TRACE] [REI] [REICommonPlugin START] Reloading Section: "reloadable-plugin/ItemComparatorRegistryImpl/" done in 2.604 ms
[18:55:20] [Server thread/TRACE] [REI] [REICommonPlugin START] Reloading Section: "reloadable-plugin/FluidComparatorRegistryImpl/"
[18:55:20] [Server thread/TRACE] [REI] [REICommonPlugin START] Reloading Section: "reloadable-plugin/FluidComparatorRegistryImpl/DefaultPlugin of DefaultPlugin [roughlyenoughitems]/"
[18:55:20] [Server thread/TRACE] [REI] [REICommonPlugin START] Reloading Section: "reloadable-plugin/FluidComparatorRegistryImpl/DefaultPlugin of DefaultPlugin [roughlyenoughitems]/" done in 137.7 μs
[18:55:20] [Server thread/TRACE] [REI] [REICommonPlugin START] Reloading Section: "reloadable-plugin/FluidComparatorRegistryImpl/FabricFluidAPISupportPlugin/"
[18:55:20] [Server thread/TRACE] [REI] [REICommonPlugin START] Reloading Section: "reloadable-plugin/FluidComparatorRegistryImpl/FabricFluidAPISupportPlugin/" done in 119.2 μs
[18:55:20] [Server thread/TRACE] [REI] [REICommonPlugin START] Reloading Section: "reloadable-plugin/FluidComparatorRegistryImpl/DefaultRuntimePlugin of DefaultRuntimePlugin [roughlyenoughitems]/"
[18:55:20] [Server thread/TRACE] [REI] [REICommonPlugin START] Reloading Section: "reloadable-plugin/FluidComparatorRegistryImpl/DefaultRuntimePlugin of DefaultRuntimePlugin [roughlyenoughitems]/" done in 108.7 μs
[18:55:20] [Server thread/TRACE] [REI] [REICommonPlugin START] Reloading Section: "reloadable-plugin/FluidComparatorRegistryImpl/" done in 1.114 ms
[18:55:20] [Server thread/TRACE] [REI] [REICommonPlugin START] Reloading Section: "reloadable-plugin/DisplaySerializerRegistryImpl/"
[18:55:20] [Server thread/TRACE] [REI] [REICommonPlugin START] Reloading Section: "reloadable-plugin/DisplaySerializerRegistryImpl/DefaultPlugin of DefaultPlugin [roughlyenoughitems]/"
[18:55:20] [Server thread/DEBUG] [REI] Added display serializer [minecraft:client/crafting/shaped] me.shedaniel.rei.api.common.display.DisplaySerializer$1@2a56898
[18:55:20] [Server thread/DEBUG] [REI] Added display serializer [minecraft:client/crafting/shapeless] me.shedaniel.rei.api.common.display.DisplaySerializer$1@179286c7
[18:55:20] [Server thread/DEBUG] [REI] Added display serializer [minecraft:client/smelting] me.shedaniel.rei.api.common.display.DisplaySerializer$1@259dd93d
[18:55:20] [Server thread/DEBUG] [REI] Added display serializer [minecraft:client/smoking] me.shedaniel.rei.api.common.display.DisplaySerializer$1@46d65664
[18:55:20] [Server thread/DEBUG] [REI] Added display serializer [minecraft:client/blasting] me.shedaniel.rei.api.common.display.DisplaySerializer$1@11bc7246
[18:55:20] [Server thread/DEBUG] [REI] Added display serializer [minecraft:default/crafting/shaped] me.shedaniel.rei.api.common.display.DisplaySerializer$1@5d6db598
[18:55:20] [Server thread/DEBUG] [REI] Added display serializer [minecraft:default/crafting/shapeless] me.shedaniel.rei.api.common.display.DisplaySerializer$1@54e4ae07
[18:55:20] [Server thread/DEBUG] [REI] Added display serializer [minecraft:default/crafting/custom] me.shedaniel.rei.api.common.display.DisplaySerializer$1@234285d1
[18:55:20] [Server thread/DEBUG] [REI] Added display serializer [minecraft:default/crafting/custom_shaped] me.shedaniel.rei.api.common.display.DisplaySerializer$1@4ba29d72
[18:55:20] [Server thread/DEBUG] [REI] Added display serializer [minecraft:default/crafting/custom_shapeless] me.shedaniel.rei.api.common.display.DisplaySerializer$1@30b0c1b7
[18:55:20] [Server thread/DEBUG] [REI] Added display serializer [minecraft:extension/crafting/map_extending] me.shedaniel.rei.api.common.display.DisplaySerializer$1@75b88054
[18:55:20] [Server thread/DEBUG] [REI] Added display serializer [minecraft:default/smelting] me.shedaniel.rei.api.common.display.DisplaySerializer$1@463bb3f3
[18:55:20] [Server thread/DEBUG] [REI] Added display serializer [minecraft:default/smoking] me.shedaniel.rei.api.common.display.DisplaySerializer$1@990dc5a
[18:55:20] [Server thread/DEBUG] [REI] Added display serializer [minecraft:default/blasting] me.shedaniel.rei.api.common.display.DisplaySerializer$1@6f12ca88
[18:55:20] [Server thread/DEBUG] [REI] Added display serializer [minecraft:default/campfire] me.shedaniel.rei.api.common.display.DisplaySerializer$1@2f922538
[18:55:20] [Server thread/DEBUG] [REI] Added display serializer [minecraft:default/stone_cutting] me.shedaniel.rei.api.common.display.DisplaySerializer$1@48dbe54d
[18:55:20] [Server thread/DEBUG] [REI] Added display serializer [minecraft:default/stripping] me.shedaniel.rei.api.common.display.DisplaySerializer$1@1c81e3a8
[18:55:20] [Server thread/DEBUG] [REI] Added display serializer [minecraft:default/brewing] me.shedaniel.rei.api.common.display.DisplaySerializer$1@251bf30c
[18:55:20] [Server thread/DEBUG] [REI] Added display serializer [minecraft:default/composting] me.shedaniel.rei.api.common.display.DisplaySerializer$1@7af4bc2a
[18:55:20] [Server thread/DEBUG] [REI] Added display serializer [minecraft:default/fuel] me.shedaniel.rei.api.common.display.DisplaySerializer$1@504ecd93
[18:55:20] [Server thread/DEBUG] [REI] Added display serializer [minecraft:default/smithing] me.shedaniel.rei.api.common.display.DisplaySerializer$1@8ee97c2
[18:55:20] [Server thread/DEBUG] [REI] Added display serializer [minecraft:default/smithing/trimming] me.shedaniel.rei.api.common.display.DisplaySerializer$1@ad6f271
[18:55:20] [Server thread/DEBUG] [REI] Added display serializer [minecraft:default/anvil] me.shedaniel.rei.api.common.display.DisplaySerializer$1@f544a36
[18:55:20] [Server thread/DEBUG] [REI] Added display serializer [minecraft:default/beacon_base] me.shedaniel.rei.api.common.display.DisplaySerializer$1@66b089da
[18:55:20] [Server thread/DEBUG] [REI] Added display serializer [minecraft:default/beacon_payment] me.shedaniel.rei.api.common.display.DisplaySerializer$1@57d7d7db
[18:55:20] [Server thread/DEBUG] [REI] Added display serializer [minecraft:default/tilling] me.shedaniel.rei.api.common.display.DisplaySerializer$1@316933eb
[18:55:20] [Server thread/DEBUG] [REI] Added display serializer [minecraft:default/pathing] me.shedaniel.rei.api.common.display.DisplaySerializer$1@19bcce
[18:55:20] [Server thread/DEBUG] [REI] Added display serializer [minecraft:default/waxing] me.shedaniel.rei.api.common.display.DisplaySerializer$1@5d86d7d0
[18:55:20] [Server thread/DEBUG] [REI] Added display serializer [minecraft:default/waxing_scraping] me.shedaniel.rei.api.common.display.DisplaySerializer$1@1d3527f9
[18:55:20] [Server thread/DEBUG] [REI] Added display serializer [minecraft:default/oxidizing] me.shedaniel.rei.api.common.display.DisplaySerializer$1@4e7b2831
[18:55:20] [Server thread/DEBUG] [REI] Added display serializer [minecraft:default/oxidizing_scraping] me.shedaniel.rei.api.common.display.DisplaySerializer$1@8f3e61e
[18:55:20] [Server thread/DEBUG] [REI] Added display serializer [roughlyenoughitems:default/information] me.shedaniel.rei.api.common.display.DisplaySerializer$1@638460dc
[18:55:20] [Server thread/TRACE] [REI] [REICommonPlugin START] Reloading Section: "reloadable-plugin/DisplaySerializerRegistryImpl/DefaultPlugin of DefaultPlugin [roughlyenoughitems]/" done in 124.1 ms
[18:55:20] [Server thread/TRACE] [REI] [REICommonPlugin START] Reloading Section: "reloadable-plugin/DisplaySerializerRegistryImpl/FabricFluidAPISupportPlugin/"
[18:55:20] [Server thread/TRACE] [REI] [REICommonPlugin START] Reloading Section: "reloadable-plugin/DisplaySerializerRegistryImpl/FabricFluidAPISupportPlugin/" done in 54.20 μs
[18:55:20] [Server thread/TRACE] [REI] [REICommonPlugin START] Reloading Section: "reloadable-plugin/DisplaySerializerRegistryImpl/DefaultRuntimePlugin of DefaultRuntimePlugin [roughlyenoughitems]/"
[18:55:20] [Server thread/TRACE] [REI] [REICommonPlugin START] Reloading Section: "reloadable-plugin/DisplaySerializerRegistryImpl/DefaultRuntimePlugin of DefaultRuntimePlugin [roughlyenoughitems]/" done in 18.20 μs
[18:55:20] [Server thread/TRACE] [REI] [REICommonPlugin START] Reloading Section: "reloadable-plugin/DisplaySerializerRegistryImpl/" done in 124.6 ms
[18:55:20] [Server thread/TRACE] [REI] [REICommonPlugin START] Reloading Section: "reloadable-plugin/ServerDisplayRegistryImpl/"
[18:55:20] [Server thread/TRACE] [REI] [REICommonPlugin START] Reloading Section: "reloadable-plugin/ServerDisplayRegistryImpl/DefaultPlugin of DefaultPlugin [roughlyenoughitems]/"
[18:55:20] [Server thread/TRACE] [REI] [REICommonPlugin START] Reloading Section: "reloadable-plugin/ServerDisplayRegistryImpl/DefaultPlugin of DefaultPlugin [roughlyenoughitems]/" done in 17.80 μs
[18:55:20] [Server thread/TRACE] [REI] [REICommonPlugin START] Reloading Section: "reloadable-plugin/ServerDisplayRegistryImpl/FabricFluidAPISupportPlugin/"
[18:55:20] [Server thread/TRACE] [REI] [REICommonPlugin START] Reloading Section: "reloadable-plugin/ServerDisplayRegistryImpl/FabricFluidAPISupportPlugin/" done in 53.70 μs
[18:55:20] [Server thread/TRACE] [REI] [REICommonPlugin START] Reloading Section: "reloadable-plugin/ServerDisplayRegistryImpl/DefaultRuntimePlugin of DefaultRuntimePlugin [roughlyenoughitems]/"
[18:55:20] [Server thread/TRACE] [REI] [REICommonPlugin START] Reloading Section: "reloadable-plugin/ServerDisplayRegistryImpl/DefaultRuntimePlugin of DefaultRuntimePlugin [roughlyenoughitems]/" done in 45.20 μs
[18:55:20] [Server thread/TRACE] [REI] [REICommonPlugin START] Reloading Section: "reloadable-plugin/ServerDisplayRegistryImpl/" done in 338.7 μs
[18:55:20] [Server thread/TRACE] [REI] [REICommonPlugin START] Reloading Section: "reloadable-plugin/FluidSupportProviderImpl/"
[18:55:20] [Server thread/TRACE] [REI] [REICommonPlugin START] Reloading Section: "reloadable-plugin/FluidSupportProviderImpl/DefaultPlugin of DefaultPlugin [roughlyenoughitems]/"
[18:55:20] [Server thread/TRACE] [REI] [REICommonPlugin START] Reloading Section: "reloadable-plugin/FluidSupportProviderImpl/DefaultPlugin of DefaultPlugin [roughlyenoughitems]/" done in 2.544 ms
[18:55:20] [Server thread/TRACE] [REI] [REICommonPlugin START] Reloading Section: "reloadable-plugin/FluidSupportProviderImpl/FabricFluidAPISupportPlugin/"
[18:55:20] [Server thread/TRACE] [REI] [REICommonPlugin START] Reloading Section: "reloadable-plugin/FluidSupportProviderImpl/FabricFluidAPISupportPlugin/" done in 250.6 μs
[18:55:20] [Server thread/TRACE] [REI] [REICommonPlugin START] Reloading Section: "reloadable-plugin/FluidSupportProviderImpl/DefaultRuntimePlugin of DefaultRuntimePlugin [roughlyenoughitems]/"
[18:55:20] [Server thread/TRACE] [REI] [REICommonPlugin START] Reloading Section: "reloadable-plugin/FluidSupportProviderImpl/DefaultRuntimePlugin of DefaultRuntimePlugin [roughlyenoughitems]/" done in 33.20 μs
[18:55:20] [Server thread/TRACE] [REI] [REICommonPlugin START] Reloading Section: "reloadable-plugin/FluidSupportProviderImpl/" done in 3.437 ms
[18:55:20] [Server thread/DEBUG] [REI] ========================================
[18:55:20] [Server thread/DEBUG] [REI] REICommonPlugin ending main-reload for START.
[18:55:20] [Server thread/DEBUG] [REI] ========================================
[18:55:20] [Server thread/TRACE] [REI] [REICommonPlugin START] Reloading Section: "end-reload/"
[18:55:20] [Server thread/TRACE] [REI] [REICommonPlugin START] Reloading Section: "end-reload/SlotAccessorRegistryImpl/"
[18:55:20] [Server thread/TRACE] [REI] [REICommonPlugin START] Reloading Section: "end-reload/SlotAccessorRegistryImpl/" done in 24.60 μs
[18:55:20] [Server thread/TRACE] [REI] [REICommonPlugin START] Reloading Section: "end-reload/EntryTypeRegistryImpl/"
[18:55:20] [Server thread/TRACE] [REI] [REICommonPlugin START] Reloading Section: "end-reload/EntryTypeRegistryImpl/" done in 26.50 μs
[18:55:20] [Server thread/TRACE] [REI] [REICommonPlugin START] Reloading Section: "end-reload/EntrySettingsAdapterRegistryImpl/"
[18:55:20] [Server thread/TRACE] [REI] [REICommonPlugin START] Reloading Section: "end-reload/EntrySettingsAdapterRegistryImpl/" done in 11.90 μs
[18:55:20] [Server thread/TRACE] [REI] [REICommonPlugin START] Reloading Section: "end-reload/ItemComparatorRegistryImpl/"
[18:55:20] [Server thread/TRACE] [REI] [REICommonPlugin START] Reloading Section: "end-reload/ItemComparatorRegistryImpl/" done in 11.70 μs
[18:55:20] [Server thread/TRACE] [REI] [REICommonPlugin START] Reloading Section: "end-reload/FluidComparatorRegistryImpl/"
[18:55:20] [Server thread/TRACE] [REI] [REICommonPlugin START] Reloading Section: "end-reload/FluidComparatorRegistryImpl/" done in 12.70 μs
[18:55:20] [Server thread/TRACE] [REI] [REICommonPlugin START] Reloading Section: "end-reload/DisplaySerializerRegistryImpl/"
[18:55:20] [Server thread/TRACE] [REI] [REICommonPlugin START] Reloading Section: "end-reload/DisplaySerializerRegistryImpl/" done in 11.70 μs
[18:55:20] [Server thread/TRACE] [REI] [REICommonPlugin START] Reloading Section: "end-reload/ServerDisplayRegistryImpl/"
[18:55:20] [Server thread/TRACE] [REI] [REICommonPlugin START] Reloading Section: "end-reload/ServerDisplayRegistryImpl/" done in 13.20 μs
[18:55:20] [Server thread/TRACE] [REI] [REICommonPlugin START] Reloading Section: "end-reload/FluidSupportProviderImpl/"
[18:55:20] [Server thread/TRACE] [REI] [REICommonPlugin START] Reloading Section: "end-reload/FluidSupportProviderImpl/" done in 117.6 μs
[18:55:20] [Server thread/TRACE] [REI] [REICommonPlugin START] Reloading Section: "end-reload/" done in 549.4 μs
[18:55:20] [Server thread/DEBUG] [REI] ========================================
[18:55:20] [Server thread/DEBUG] [REI] REICommonPlugin ended main-reload for START in 158.0 ms.
[18:55:20] [Server thread/DEBUG] [REI] ========================================
[18:55:20] [Server thread/DEBUG] [REI] ========================================
[18:55:20] [Server thread/DEBUG] [REI] REICommonPlugin starting post-reload for START.
[18:55:20] [Server thread/DEBUG] [REI] Reloadables (8):
[18:55:20] [Server thread/DEBUG] [REI]  - SlotAccessorRegistryImpl
[18:55:20] [Server thread/DEBUG] [REI]  - EntryTypeRegistryImpl
[18:55:20] [Server thread/DEBUG] [REI]  - EntrySettingsAdapterRegistryImpl
[18:55:20] [Server thread/DEBUG] [REI]  - ItemComparatorRegistryImpl
[18:55:20] [Server thread/DEBUG] [REI]  - FluidComparatorRegistryImpl
[18:55:20] [Server thread/DEBUG] [REI]  - DisplaySerializerRegistryImpl
[18:55:20] [Server thread/DEBUG] [REI]  - ServerDisplayRegistryImpl
[18:55:20] [Server thread/DEBUG] [REI]  - FluidSupportProviderImpl
[18:55:20] [Server thread/DEBUG] [REI] Plugins (3):
[18:55:20] [Server thread/DEBUG] [REI]  - (-100.00) DefaultPlugin of DefaultPlugin [roughlyenoughitems]
[18:55:20] [Server thread/DEBUG] [REI]  - (0.00) FabricFluidAPISupportPlugin
[18:55:20] [Server thread/DEBUG] [REI]  - (0.00) DefaultRuntimePlugin of DefaultRuntimePlugin [roughlyenoughitems]
[18:55:20] [Server thread/DEBUG] [REI] ========================================
[18:55:20] [Server thread/TRACE] [REI] [REICommonPlugin START] Reloading Section: "post-register/"
[18:55:20] [Server thread/TRACE] [REI] [REICommonPlugin START] Reloading Section: "post-register/DefaultPlugin of DefaultPlugin [roughlyenoughitems]/"
[18:55:20] [Server thread/TRACE] [REI] [REICommonPlugin START] Reloading Section: "post-register/DefaultPlugin of DefaultPlugin [roughlyenoughitems]/" done in 238.9 μs
[18:55:20] [Server thread/TRACE] [REI] [REICommonPlugin START] Reloading Section: "post-register/FabricFluidAPISupportPlugin/"
[18:55:20] [Server thread/TRACE] [REI] [REICommonPlugin START] Reloading Section: "post-register/FabricFluidAPISupportPlugin/" done in 20.60 μs
[18:55:20] [Server thread/TRACE] [REI] [REICommonPlugin START] Reloading Section: "post-register/DefaultRuntimePlugin of DefaultRuntimePlugin [roughlyenoughitems]/"
[18:55:20] [Server thread/TRACE] [REI] [REICommonPlugin START] Reloading Section: "post-register/DefaultRuntimePlugin of DefaultRuntimePlugin [roughlyenoughitems]/" done in 13.10 μs
[18:55:20] [Server thread/TRACE] [REI] [REICommonPlugin START] Reloading Section: "post-register/" done in 1.287 ms
[18:55:20] [Server thread/TRACE] [REI] [REICommonPlugin START] Reloading Section: "post-stage/"
[18:55:20] [Server thread/TRACE] [REI] [REICommonPlugin START] Reloading Section: "post-stage/SlotAccessorRegistryImpl/"
[18:55:20] [Server thread/TRACE] [REI] [REICommonPlugin START] Reloading Section: "post-stage/SlotAccessorRegistryImpl/" done in 80.50 μs
[18:55:20] [Server thread/TRACE] [REI] [REICommonPlugin START] Reloading Section: "post-stage/EntryTypeRegistryImpl/"
[18:55:20] [Server thread/TRACE] [REI] [REICommonPlugin START] Reloading Section: "post-stage/EntryTypeRegistryImpl/" done in 35.40 μs
[18:55:20] [Server thread/TRACE] [REI] [REICommonPlugin START] Reloading Section: "post-stage/EntrySettingsAdapterRegistryImpl/"
[18:55:20] [Server thread/TRACE] [REI] [REICommonPlugin START] Reloading Section: "post-stage/EntrySettingsAdapterRegistryImpl/" done in 159.6 μs
[18:55:20] [Server thread/TRACE] [REI] [REICommonPlugin START] Reloading Section: "post-stage/ItemComparatorRegistryImpl/"
[18:55:20] [Server thread/TRACE] [REI] [REICommonPlugin START] Reloading Section: "post-stage/ItemComparatorRegistryImpl/" done in 29.20 μs
[18:55:20] [Server thread/TRACE] [REI] [REICommonPlugin START] Reloading Section: "post-stage/FluidComparatorRegistryImpl/"
[18:55:20] [Server thread/TRACE] [REI] [REICommonPlugin START] Reloading Section: "post-stage/FluidComparatorRegistryImpl/" done in 11.20 μs
[18:55:20] [Server thread/TRACE] [REI] [REICommonPlugin START] Reloading Section: "post-stage/DisplaySerializerRegistryImpl/"
[18:55:20] [Server thread/TRACE] [REI] [REICommonPlugin START] Reloading Section: "post-stage/DisplaySerializerRegistryImpl/" done in 9.900 μs
[18:55:20] [Server thread/TRACE] [REI] [REICommonPlugin START] Reloading Section: "post-stage/ServerDisplayRegistryImpl/"
[18:55:20] [Server thread/TRACE] [REI] [REICommonPlugin START] Reloading Section: "post-stage/ServerDisplayRegistryImpl/" done in 9.900 μs
[18:55:20] [Server thread/TRACE] [REI] [REICommonPlugin START] Reloading Section: "post-stage/FluidSupportProviderImpl/"
[18:55:20] [Server thread/TRACE] [REI] [REICommonPlugin START] Reloading Section: "post-stage/FluidSupportProviderImpl/" done in 10.60 μs
[18:55:20] [Server thread/TRACE] [REI] [REICommonPlugin START] Reloading Section: "post-stage/" done in 1.003 ms
[18:55:20] [Server thread/DEBUG] [REI] ========================================
[18:55:20] [Server thread/INFO] [REI] REICommonPlugin finished post-reload for START in 2.490 ms, totaling 180.9 ms.
[18:55:20] [Server thread/DEBUG] [REI] ========================================
[18:55:20] [Server thread/DEBUG] [REI] ========================================
[18:55:20] [Server thread/DEBUG] [REI] REICommonPlugin starting pre-reload for END.
[18:55:20] [Server thread/DEBUG] [REI] Reloadables (8):
[18:55:20] [Server thread/DEBUG] [REI]  - SlotAccessorRegistryImpl
[18:55:20] [Server thread/DEBUG] [REI]  - EntryTypeRegistryImpl
[18:55:20] [Server thread/DEBUG] [REI]  - EntrySettingsAdapterRegistryImpl
[18:55:20] [Server thread/DEBUG] [REI]  - ItemComparatorRegistryImpl
[18:55:20] [Server thread/DEBUG] [REI]  - FluidComparatorRegistryImpl
[18:55:20] [Server thread/DEBUG] [REI]  - DisplaySerializerRegistryImpl
[18:55:20] [Server thread/DEBUG] [REI]  - ServerDisplayRegistryImpl
[18:55:20] [Server thread/DEBUG] [REI]  - FluidSupportProviderImpl
[18:55:20] [Server thread/DEBUG] [REI] Plugins (3):
[18:55:20] [Server thread/DEBUG] [REI]  - (-100.00) DefaultPlugin of DefaultPlugin [roughlyenoughitems]
[18:55:20] [Server thread/DEBUG] [REI]  - (0.00) FabricFluidAPISupportPlugin
[18:55:20] [Server thread/DEBUG] [REI]  - (0.00) DefaultRuntimePlugin of DefaultRuntimePlugin [roughlyenoughitems]
[18:55:20] [Server thread/DEBUG] [REI] ========================================
[18:55:20] [Server thread/TRACE] [REI] [REICommonPlugin END] Reloading Section: "pre-register/"
[18:55:20] [Server thread/TRACE] [REI] [REICommonPlugin END] Reloading Section: "pre-register/DefaultPlugin of DefaultPlugin [roughlyenoughitems]/"
[18:55:20] [Server thread/TRACE] [REI] [REICommonPlugin END] Reloading Section: "pre-register/DefaultPlugin of DefaultPlugin [roughlyenoughitems]/" done in 35.50 μs
[18:55:20] [Server thread/TRACE] [REI] [REICommonPlugin END] Reloading Section: "pre-register/FabricFluidAPISupportPlugin/"
[18:55:20] [Server thread/TRACE] [REI] [REICommonPlugin END] Reloading Section: "pre-register/FabricFluidAPISupportPlugin/" done in 65.90 μs
[18:55:20] [Server thread/TRACE] [REI] [REICommonPlugin END] Reloading Section: "pre-register/DefaultRuntimePlugin of DefaultRuntimePlugin [roughlyenoughitems]/"
[18:55:20] [Server thread/TRACE] [REI] [REICommonPlugin END] Reloading Section: "pre-register/DefaultRuntimePlugin of DefaultRuntimePlugin [roughlyenoughitems]/" done in 492.6 μs
[18:55:20] [Server thread/TRACE] [REI] [REICommonPlugin END] Reloading Section: "pre-register/" done in 1.780 ms
[18:55:20] [Server thread/TRACE] [REI] [REICommonPlugin END] Reloading Section: "pre-stage/"
[18:55:20] [Server thread/TRACE] [REI] [REICommonPlugin END] Reloading Section: "pre-stage/SlotAccessorRegistryImpl/"
[18:55:20] [Server thread/TRACE] [REI] [REICommonPlugin END] Reloading Section: "pre-stage/SlotAccessorRegistryImpl/" done in 36.00 μs
[18:55:20] [Server thread/TRACE] [REI] [REICommonPlugin END] Reloading Section: "pre-stage/EntryTypeRegistryImpl/"
[18:55:20] [Server thread/TRACE] [REI] [REICommonPlugin END] Reloading Section: "pre-stage/EntryTypeRegistryImpl/" done in 29.50 μs
[18:55:20] [Server thread/TRACE] [REI] [REICommonPlugin END] Reloading Section: "pre-stage/EntrySettingsAdapterRegistryImpl/"
[18:55:20] [Server thread/TRACE] [REI] [REICommonPlugin END] Reloading Section: "pre-stage/EntrySettingsAdapterRegistryImpl/" done in 97.30 μs
[18:55:20] [Server thread/TRACE] [REI] [REICommonPlugin END] Reloading Section: "pre-stage/ItemComparatorRegistryImpl/"
[18:55:20] [Server thread/TRACE] [REI] [REICommonPlugin END] Reloading Section: "pre-stage/ItemComparatorRegistryImpl/" done in 557.5 μs
[18:55:20] [Server thread/TRACE] [REI] [REICommonPlugin END] Reloading Section: "pre-stage/FluidComparatorRegistryImpl/"
[18:55:20] [Server thread/TRACE] [REI] [REICommonPlugin END] Reloading Section: "pre-stage/FluidComparatorRegistryImpl/" done in 34.80 μs
[18:55:20] [Server thread/TRACE] [REI] [REICommonPlugin END] Reloading Section: "pre-stage/DisplaySerializerRegistryImpl/"
[18:55:20] [Server thread/TRACE] [REI] [REICommonPlugin END] Reloading Section: "pre-stage/DisplaySerializerRegistryImpl/" done in 27.50 μs
[18:55:20] [Server thread/TRACE] [REI] [REICommonPlugin END] Reloading Section: "pre-stage/ServerDisplayRegistryImpl/"
[18:55:20] [Server thread/TRACE] [REI] [REICommonPlugin END] Reloading Section: "pre-stage/ServerDisplayRegistryImpl/" done in 161.8 μs
[18:55:20] [Server thread/TRACE] [REI] [REICommonPlugin END] Reloading Section: "pre-stage/FluidSupportProviderImpl/"
[18:55:20] [Server thread/TRACE] [REI] [REICommonPlugin END] Reloading Section: "pre-stage/FluidSupportProviderImpl/" done in 44.50 μs
[18:55:20] [Server thread/TRACE] [REI] [REICommonPlugin END] Reloading Section: "pre-stage/" done in 1.855 ms
[18:55:20] [Server thread/DEBUG] [REI] ========================================
[18:55:20] [Server thread/DEBUG] [REI] REICommonPlugin finished pre-reload for END in 3.832 ms.
[18:55:20] [Server thread/DEBUG] [REI] ========================================
[18:55:20] [Server thread/INFO] [REI] ****************************************
[18:55:20] [Server thread/INFO] [REI] REICommonPlugin starting main-reload for END.
[18:55:20] [Server thread/DEBUG] [REI] Reloadables (8):
[18:55:20] [Server thread/DEBUG] [REI]  - SlotAccessorRegistryImpl
[18:55:20] [Server thread/DEBUG] [REI]  - EntryTypeRegistryImpl
[18:55:20] [Server thread/DEBUG] [REI]  - EntrySettingsAdapterRegistryImpl
[18:55:20] [Server thread/DEBUG] [REI]  - ItemComparatorRegistryImpl
[18:55:20] [Server thread/DEBUG] [REI]  - FluidComparatorRegistryImpl
[18:55:20] [Server thread/DEBUG] [REI]  - DisplaySerializerRegistryImpl
[18:55:20] [Server thread/DEBUG] [REI]  - ServerDisplayRegistryImpl
[18:55:20] [Server thread/DEBUG] [REI]  - FluidSupportProviderImpl
[18:55:20] [Server thread/INFO] [REI] Plugins (3):
[18:55:20] [Server thread/INFO] [REI]  - (-100.00) DefaultPlugin of DefaultPlugin [roughlyenoughitems]
[18:55:20] [Server thread/INFO] [REI]  - (0.00) FabricFluidAPISupportPlugin
[18:55:20] [Server thread/INFO] [REI]  - (0.00) DefaultRuntimePlugin of DefaultRuntimePlugin [roughlyenoughitems]
[18:55:20] [Server thread/INFO] [REI] ****************************************
[18:55:20] [Server thread/TRACE] [REI] [REICommonPlugin END] Reloading Section: "start-reload/"
[18:55:20] [Server thread/TRACE] [REI] [REICommonPlugin END] Reloading Section: "start-reload/SlotAccessorRegistryImpl/"
[18:55:20] [Server thread/TRACE] [REI] [REICommonPlugin END] Reloading Section: "start-reload/SlotAccessorRegistryImpl/" done in 59.70 μs
[18:55:20] [Server thread/TRACE] [REI] [REICommonPlugin END] Reloading Section: "start-reload/EntryTypeRegistryImpl/"
[18:55:20] [Server thread/TRACE] [REI] [REICommonPlugin END] Reloading Section: "start-reload/EntryTypeRegistryImpl/" done in 30.00 μs
[18:55:20] [Server thread/TRACE] [REI] [REICommonPlugin END] Reloading Section: "start-reload/EntrySettingsAdapterRegistryImpl/"
[18:55:20] [Server thread/TRACE] [REI] [REICommonPlugin END] Reloading Section: "start-reload/EntrySettingsAdapterRegistryImpl/" done in 142.3 μs
[18:55:20] [Server thread/TRACE] [REI] [REICommonPlugin END] Reloading Section: "start-reload/ItemComparatorRegistryImpl/"
[18:55:20] [Server thread/TRACE] [REI] [REICommonPlugin END] Reloading Section: "start-reload/ItemComparatorRegistryImpl/" done in 28.40 μs
[18:55:20] [Server thread/TRACE] [REI] [REICommonPlugin END] Reloading Section: "start-reload/FluidComparatorRegistryImpl/"
[18:55:20] [Server thread/TRACE] [REI] [REICommonPlugin END] Reloading Section: "start-reload/FluidComparatorRegistryImpl/" done in 45.20 μs
[18:55:20] [Server thread/TRACE] [REI] [REICommonPlugin END] Reloading Section: "start-reload/DisplaySerializerRegistryImpl/"
[18:55:20] [Server thread/TRACE] [REI] [REICommonPlugin END] Reloading Section: "start-reload/DisplaySerializerRegistryImpl/" done in 43.30 μs
[18:55:20] [Server thread/TRACE] [REI] [REICommonPlugin END] Reloading Section: "start-reload/ServerDisplayRegistryImpl/"
[18:55:20] [Server thread/TRACE] [REI] [REICommonPlugin END] Reloading Section: "start-reload/ServerDisplayRegistryImpl/" done in 162.2 μs
[18:55:20] [Server thread/TRACE] [REI] [REICommonPlugin END] Reloading Section: "start-reload/FluidSupportProviderImpl/"
[18:55:20] [Server thread/TRACE] [REI] [REICommonPlugin END] Reloading Section: "start-reload/FluidSupportProviderImpl/" done in 44.80 μs
[18:55:20] [Server thread/TRACE] [REI] [REICommonPlugin END] Reloading Section: "start-reload/" done in 1.544 ms
[18:55:20] [Server thread/DEBUG] [REI] ========================================
[18:55:20] [Server thread/DEBUG] [REI] REICommonPlugin started main-reload for END.
[18:55:20] [Server thread/DEBUG] [REI] ========================================
[18:55:20] [Server thread/TRACE] [REI] [REICommonPlugin END] Reloading Section: "reloadable-plugin/SlotAccessorRegistryImpl/"
[18:55:20] [Server thread/TRACE] [REI] [REICommonPlugin END] Reloading Section: "reloadable-plugin/SlotAccessorRegistryImpl/DefaultPlugin of DefaultPlugin [roughlyenoughitems]/"
[18:55:20] [Server thread/TRACE] [REI] [REICommonPlugin END] Reloading Section: "reloadable-plugin/SlotAccessorRegistryImpl/DefaultPlugin of DefaultPlugin [roughlyenoughitems]/" done in 46.60 μs
[18:55:20] [Server thread/TRACE] [REI] [REICommonPlugin END] Reloading Section: "reloadable-plugin/SlotAccessorRegistryImpl/FabricFluidAPISupportPlugin/"
[18:55:20] [Server thread/TRACE] [REI] [REICommonPlugin END] Reloading Section: "reloadable-plugin/SlotAccessorRegistryImpl/FabricFluidAPISupportPlugin/" done in 110.5 μs
[18:55:20] [Server thread/TRACE] [REI] [REICommonPlugin END] Reloading Section: "reloadable-plugin/SlotAccessorRegistryImpl/DefaultRuntimePlugin of DefaultRuntimePlugin [roughlyenoughitems]/"
[18:55:20] [Server thread/DEBUG] [REI] Added slot accessor serializer: me.shedaniel.rei.plugin.common.runtime.DefaultRuntimePlugin$1@7e6f865b [roughlyenoughitems:vanilla]
[18:55:20] [Server thread/DEBUG] [REI] Added slot accessor serializer: me.shedaniel.rei.plugin.common.runtime.DefaultRuntimePlugin$2@2131c60 [roughlyenoughitems:player]
[18:55:20] [Server thread/TRACE] [REI] [REICommonPlugin END] Reloading Section: "reloadable-plugin/SlotAccessorRegistryImpl/DefaultRuntimePlugin of DefaultRuntimePlugin [roughlyenoughitems]/" done in 3.164 ms
[18:55:20] [Server thread/TRACE] [REI] [REICommonPlugin END] Reloading Section: "reloadable-plugin/SlotAccessorRegistryImpl/" done in 3.823 ms
[18:55:20] [Server thread/TRACE] [REI] [REICommonPlugin END] Reloading Section: "reloadable-plugin/EntryTypeRegistryImpl/"
[18:55:20] [Server thread/TRACE] [REI] [REICommonPlugin END] Reloading Section: "reloadable-plugin/EntryTypeRegistryImpl/DefaultPlugin of DefaultPlugin [roughlyenoughitems]/"
[18:55:20] [Server thread/TRACE] [REI] [REICommonPlugin END] Reloading Section: "reloadable-plugin/EntryTypeRegistryImpl/DefaultPlugin of DefaultPlugin [roughlyenoughitems]/" done in 57.10 μs
[18:55:20] [Server thread/TRACE] [REI] [REICommonPlugin END] Reloading Section: "reloadable-plugin/EntryTypeRegistryImpl/FabricFluidAPISupportPlugin/"
[18:55:20] [Server thread/TRACE] [REI] [REICommonPlugin END] Reloading Section: "reloadable-plugin/EntryTypeRegistryImpl/FabricFluidAPISupportPlugin/" done in 54.60 μs
[18:55:20] [Server thread/TRACE] [REI] [REICommonPlugin END] Reloading Section: "reloadable-plugin/EntryTypeRegistryImpl/DefaultRuntimePlugin of DefaultRuntimePlugin [roughlyenoughitems]/"
[18:55:20] [Server thread/TRACE] [REI] [REICommonPlugin END] Reloading Section: "reloadable-plugin/EntryTypeRegistryImpl/DefaultRuntimePlugin of DefaultRuntimePlugin [roughlyenoughitems]/" done in 53.10 μs
[18:55:20] [Server thread/TRACE] [REI] [REICommonPlugin END] Reloading Section: "reloadable-plugin/EntryTypeRegistryImpl/" done in 583.9 μs
[18:55:20] [Server thread/TRACE] [REI] [REICommonPlugin END] Reloading Section: "reloadable-plugin/EntrySettingsAdapterRegistryImpl/"
[18:55:20] [Server thread/TRACE] [REI] [REICommonPlugin END] Reloading Section: "reloadable-plugin/EntrySettingsAdapterRegistryImpl/DefaultPlugin of DefaultPlugin [roughlyenoughitems]/"
[18:55:20] [Server thread/TRACE] [REI] [REICommonPlugin END] Reloading Section: "reloadable-plugin/EntrySettingsAdapterRegistryImpl/DefaultPlugin of DefaultPlugin [roughlyenoughitems]/" done in 70.70 μs
[18:55:20] [Server thread/TRACE] [REI] [REICommonPlugin END] Reloading Section: "reloadable-plugin/EntrySettingsAdapterRegistryImpl/FabricFluidAPISupportPlugin/"
[18:55:20] [Server thread/TRACE] [REI] [REICommonPlugin END] Reloading Section: "reloadable-plugin/EntrySettingsAdapterRegistryImpl/FabricFluidAPISupportPlugin/" done in 96.30 μs
[18:55:20] [Server thread/TRACE] [REI] [REICommonPlugin END] Reloading Section: "reloadable-plugin/EntrySettingsAdapterRegistryImpl/DefaultRuntimePlugin of DefaultRuntimePlugin [roughlyenoughitems]/"
[18:55:20] [Server thread/TRACE] [REI] [REICommonPlugin END] Reloading Section: "reloadable-plugin/EntrySettingsAdapterRegistryImpl/DefaultRuntimePlugin of DefaultRuntimePlugin [roughlyenoughitems]/" done in 44.40 μs
[18:55:20] [Server thread/TRACE] [REI] [REICommonPlugin END] Reloading Section: "reloadable-plugin/EntrySettingsAdapterRegistryImpl/" done in 716.8 μs
[18:55:20] [Server thread/TRACE] [REI] [REICommonPlugin END] Reloading Section: "reloadable-plugin/ItemComparatorRegistryImpl/"
[18:55:20] [Server thread/TRACE] [REI] [REICommonPlugin END] Reloading Section: "reloadable-plugin/ItemComparatorRegistryImpl/DefaultPlugin of DefaultPlugin [roughlyenoughitems]/"
[18:55:20] [Server thread/TRACE] [REI] [REICommonPlugin END] Reloading Section: "reloadable-plugin/ItemComparatorRegistryImpl/DefaultPlugin of DefaultPlugin [roughlyenoughitems]/" done in 114.5 μs
[18:55:20] [Server thread/TRACE] [REI] [REICommonPlugin END] Reloading Section: "reloadable-plugin/ItemComparatorRegistryImpl/FabricFluidAPISupportPlugin/"
[18:55:20] [Server thread/TRACE] [REI] [REICommonPlugin END] Reloading Section: "reloadable-plugin/ItemComparatorRegistryImpl/FabricFluidAPISupportPlugin/" done in 25.30 μs
[18:55:20] [Server thread/TRACE] [REI] [REICommonPlugin END] Reloading Section: "reloadable-plugin/ItemComparatorRegistryImpl/DefaultRuntimePlugin of DefaultRuntimePlugin [roughlyenoughitems]/"
[18:55:20] [Server thread/TRACE] [REI] [REICommonPlugin END] Reloading Section: "reloadable-plugin/ItemComparatorRegistryImpl/DefaultRuntimePlugin of DefaultRuntimePlugin [roughlyenoughitems]/" done in 85.80 μs
[18:55:20] [Server thread/TRACE] [REI] [REICommonPlugin END] Reloading Section: "reloadable-plugin/ItemComparatorRegistryImpl/" done in 694.6 μs
[18:55:20] [Server thread/TRACE] [REI] [REICommonPlugin END] Reloading Section: "reloadable-plugin/FluidComparatorRegistryImpl/"
[18:55:20] [Server thread/TRACE] [REI] [REICommonPlugin END] Reloading Section: "reloadable-plugin/FluidComparatorRegistryImpl/DefaultPlugin of DefaultPlugin [roughlyenoughitems]/"
[18:55:20] [Server thread/TRACE] [REI] [REICommonPlugin END] Reloading Section: "reloadable-plugin/FluidComparatorRegistryImpl/DefaultPlugin of DefaultPlugin [roughlyenoughitems]/" done in 69.50 μs
[18:55:20] [Server thread/TRACE] [REI] [REICommonPlugin END] Reloading Section: "reloadable-plugin/FluidComparatorRegistryImpl/FabricFluidAPISupportPlugin/"
[18:55:20] [Server thread/TRACE] [REI] [REICommonPlugin END] Reloading Section: "reloadable-plugin/FluidComparatorRegistryImpl/FabricFluidAPISupportPlugin/" done in 34.00 μs
[18:55:20] [Server thread/TRACE] [REI] [REICommonPlugin END] Reloading Section: "reloadable-plugin/FluidComparatorRegistryImpl/DefaultRuntimePlugin of DefaultRuntimePlugin [roughlyenoughitems]/"
[18:55:20] [Server thread/TRACE] [REI] [REICommonPlugin END] Reloading Section: "reloadable-plugin/FluidComparatorRegistryImpl/DefaultRuntimePlugin of DefaultRuntimePlugin [roughlyenoughitems]/" done in 163.0 μs
[18:55:20] [Server thread/TRACE] [REI] [REICommonPlugin END] Reloading Section: "reloadable-plugin/FluidComparatorRegistryImpl/" done in 772.8 μs
[18:55:20] [Server thread/TRACE] [REI] [REICommonPlugin END] Reloading Section: "reloadable-plugin/DisplaySerializerRegistryImpl/"
[18:55:20] [Server thread/TRACE] [REI] [REICommonPlugin END] Reloading Section: "reloadable-plugin/DisplaySerializerRegistryImpl/DefaultPlugin of DefaultPlugin [roughlyenoughitems]/"
[18:55:20] [Server thread/TRACE] [REI] [REICommonPlugin END] Reloading Section: "reloadable-plugin/DisplaySerializerRegistryImpl/DefaultPlugin of DefaultPlugin [roughlyenoughitems]/" done in 185.8 μs
[18:55:20] [Server thread/TRACE] [REI] [REICommonPlugin END] Reloading Section: "reloadable-plugin/DisplaySerializerRegistryImpl/FabricFluidAPISupportPlugin/"
[18:55:20] [Server thread/TRACE] [REI] [REICommonPlugin END] Reloading Section: "reloadable-plugin/DisplaySerializerRegistryImpl/FabricFluidAPISupportPlugin/" done in 187.8 μs
[18:55:20] [Server thread/TRACE] [REI] [REICommonPlugin END] Reloading Section: "reloadable-plugin/DisplaySerializerRegistryImpl/DefaultRuntimePlugin of DefaultRuntimePlugin [roughlyenoughitems]/"
[18:55:20] [Server thread/TRACE] [REI] [REICommonPlugin END] Reloading Section: "reloadable-plugin/DisplaySerializerRegistryImpl/DefaultRuntimePlugin of DefaultRuntimePlugin [roughlyenoughitems]/" done in 37.50 μs
[18:55:20] [Server thread/TRACE] [REI] [REICommonPlugin END] Reloading Section: "reloadable-plugin/DisplaySerializerRegistryImpl/" done in 1.022 ms
[18:55:20] [Server thread/TRACE] [REI] [REICommonPlugin END] Reloading Section: "reloadable-plugin/ServerDisplayRegistryImpl/"
[18:55:20] [Server thread/TRACE] [REI] [REICommonPlugin END] Reloading Section: "reloadable-plugin/ServerDisplayRegistryImpl/DefaultPlugin of DefaultPlugin [roughlyenoughitems]/"
[18:55:20] [Server thread/DEBUG] [REI] Added display filter: me.shedaniel.rei.api.common.registry.display.DisplayConsumer$RecipeManagerConsumer$RecipeFillerBuilder$$Lambda/0x000002270220f770@6b700219
[18:55:20] [Server thread/DEBUG] [REI] Added display filter: me.shedaniel.rei.api.common.registry.display.DisplayConsumer$RecipeManagerConsumer$RecipeFillerBuilder$$Lambda/0x000002270220f770@27102036
[18:55:20] [Server thread/DEBUG] [REI] Added display filter: me.shedaniel.rei.api.common.registry.display.DisplayConsumer$RecipeManagerConsumer$RecipeFillerBuilder$$Lambda/0x000002270220f770@300f2d18
[18:55:20] [Server thread/DEBUG] [REI] Added display filter: me.shedaniel.rei.api.common.registry.display.DisplayConsumer$RecipeManagerConsumer$RecipeFillerBuilder$$Lambda/0x000002270220f770@535419f5
[18:55:20] [Server thread/DEBUG] [REI] Added display filter: me.shedaniel.rei.api.common.registry.display.DisplayConsumer$RecipeManagerConsumer$RecipeFillerBuilder$$Lambda/0x000002270220f770@65e4a98c
[18:55:20] [Server thread/DEBUG] [REI] Added display filter: me.shedaniel.rei.api.common.registry.display.DisplayConsumer$RecipeManagerConsumer$RecipeFillerBuilder$$Lambda/0x000002270220f770@7fb1b47e
[18:55:20] [Server thread/DEBUG] [REI] Added display filter: me.shedaniel.rei.api.common.registry.display.DisplayConsumer$RecipeManagerConsumer$RecipeFillerBuilder$$Lambda/0x000002270220f770@42d901cd
[18:55:20] [Server thread/DEBUG] [REI] Added display filter: me.shedaniel.rei.api.common.registry.display.DisplayConsumer$RecipeManagerConsumer$RecipeFillerBuilder$$Lambda/0x00000227022111d8@73be7490
[18:55:20] [Server thread/DEBUG] [REI] Added display filter: me.shedaniel.rei.api.common.registry.display.DisplayConsumer$RecipeManagerConsumer$RecipeFillerBuilder$$Lambda/0x00000227022111d8@1cbdbcfd
[18:55:20] [Server thread/DEBUG] [REI] Added display filter: me.shedaniel.rei.api.common.registry.display.DisplayConsumer$RecipeManagerConsumer$RecipeFillerBuilder$$Lambda/0x00000227022111d8@31d0423
[18:55:20] [Server thread/DEBUG] [REI] Added display filter: me.shedaniel.rei.api.common.registry.display.DisplayConsumer$RecipeManagerConsumer$RecipeFillerBuilder$$Lambda/0x00000227022111d8@64315a5d
[18:55:20] [Server thread/DEBUG] [REI] Added display filter: me.shedaniel.rei.api.common.registry.display.DisplayConsumer$RecipeManagerConsumer$RecipeFillerBuilder$$Lambda/0x00000227022111d8@64aba8bf
[18:55:20] [Server thread/DEBUG] [REI] Added display filter: me.shedaniel.rei.api.common.registry.display.DisplayConsumer$RecipeManagerConsumer$RecipeFillerBuilder$$Lambda/0x00000227022111d8@1580aa83
[18:55:20] [Server thread/DEBUG] [REI] Added display filter: me.shedaniel.rei.api.common.registry.display.DisplayConsumer$RecipeManagerConsumer$RecipeFillerBuilder$$Lambda/0x00000227022111d8@7ed7880c
[18:55:20] [Server thread/DEBUG] [REI] Added display filter: me.shedaniel.rei.api.common.registry.display.DisplayConsumer$RecipeManagerConsumer$RecipeFillerBuilder$$Lambda/0x00000227022111d8@105ad639
[18:55:20] [Server thread/DEBUG] [REI] Added display filter: me.shedaniel.rei.api.common.registry.display.DisplayConsumer$RecipeManagerConsumer$RecipeFillerBuilder$$Lambda/0x00000227022111d8@298d6add
[18:55:20] [Server thread/TRACE] [REI] [REICommonPlugin END] Reloading Section: "reloadable-plugin/ServerDisplayRegistryImpl/DefaultPlugin of DefaultPlugin [roughlyenoughitems]/" done in 9.085 ms
[18:55:20] [Server thread/TRACE] [REI] [REICommonPlugin END] Reloading Section: "reloadable-plugin/ServerDisplayRegistryImpl/FabricFluidAPISupportPlugin/"
[18:55:20] [Server thread/TRACE] [REI] [REICommonPlugin END] Reloading Section: "reloadable-plugin/ServerDisplayRegistryImpl/FabricFluidAPISupportPlugin/" done in 60.50 μs
[18:55:20] [Server thread/TRACE] [REI] [REICommonPlugin END] Reloading Section: "reloadable-plugin/ServerDisplayRegistryImpl/DefaultRuntimePlugin of DefaultRuntimePlugin [roughlyenoughitems]/"
[18:55:20] [Server thread/TRACE] [REI] [REICommonPlugin END] Reloading Section: "reloadable-plugin/ServerDisplayRegistryImpl/DefaultRuntimePlugin of DefaultRuntimePlugin [roughlyenoughitems]/" done in 83.50 μs
[18:55:20] [Server thread/TRACE] [REI] [REICommonPlugin END] Reloading Section: "reloadable-plugin/ServerDisplayRegistryImpl/" done in 9.919 ms
[18:55:20] [Server thread/TRACE] [REI] [REICommonPlugin END] Reloading Section: "reloadable-plugin/FluidSupportProviderImpl/"
[18:55:20] [Server thread/TRACE] [REI] [REICommonPlugin END] Reloading Section: "reloadable-plugin/FluidSupportProviderImpl/DefaultPlugin of DefaultPlugin [roughlyenoughitems]/"
[18:55:20] [Server thread/TRACE] [REI] [REICommonPlugin END] Reloading Section: "reloadable-plugin/FluidSupportProviderImpl/DefaultPlugin of DefaultPlugin [roughlyenoughitems]/" done in 89.10 μs
[18:55:20] [Server thread/TRACE] [REI] [REICommonPlugin END] Reloading Section: "reloadable-plugin/FluidSupportProviderImpl/FabricFluidAPISupportPlugin/"
[18:55:20] [Server thread/TRACE] [REI] [REICommonPlugin END] Reloading Section: "reloadable-plugin/FluidSupportProviderImpl/FabricFluidAPISupportPlugin/" done in 217.5 μs
[18:55:20] [Server thread/TRACE] [REI] [REICommonPlugin END] Reloading Section: "reloadable-plugin/FluidSupportProviderImpl/DefaultRuntimePlugin of DefaultRuntimePlugin [roughlyenoughitems]/"
[18:55:20] [Server thread/TRACE] [REI] [REICommonPlugin END] Reloading Section: "reloadable-plugin/FluidSupportProviderImpl/DefaultRuntimePlugin of DefaultRuntimePlugin [roughlyenoughitems]/" done in 58.30 μs
[18:55:20] [Server thread/TRACE] [REI] [REICommonPlugin END] Reloading Section: "reloadable-plugin/FluidSupportProviderImpl/" done in 901.8 μs
[18:55:20] [Server thread/DEBUG] [REI] ========================================
[18:55:20] [Server thread/DEBUG] [REI] REICommonPlugin ending main-reload for END.
[18:55:20] [Server thread/DEBUG] [REI] ========================================
[18:55:20] [Server thread/TRACE] [REI] [REICommonPlugin END] Reloading Section: "end-reload/"
[18:55:20] [Server thread/TRACE] [REI] [REICommonPlugin END] Reloading Section: "end-reload/SlotAccessorRegistryImpl/"
[18:55:20] [Server thread/DEBUG] [REI] Registered 2 slot accessor serializers
[18:55:20] [Server thread/TRACE] [REI] [REICommonPlugin END] Reloading Section: "end-reload/SlotAccessorRegistryImpl/" done in 367.9 μs
[18:55:20] [Server thread/TRACE] [REI] [REICommonPlugin END] Reloading Section: "end-reload/EntryTypeRegistryImpl/"
[18:55:20] [Server thread/TRACE] [REI] [REICommonPlugin END] Reloading Section: "end-reload/EntryTypeRegistryImpl/" done in 25.20 μs
[18:55:20] [Server thread/TRACE] [REI] [REICommonPlugin END] Reloading Section: "end-reload/EntrySettingsAdapterRegistryImpl/"
[18:55:20] [Server thread/TRACE] [REI] [REICommonPlugin END] Reloading Section: "end-reload/EntrySettingsAdapterRegistryImpl/" done in 65.30 μs
[18:55:20] [Server thread/TRACE] [REI] [REICommonPlugin END] Reloading Section: "end-reload/ItemComparatorRegistryImpl/"
[18:55:20] [Server thread/TRACE] [REI] [REICommonPlugin END] Reloading Section: "end-reload/ItemComparatorRegistryImpl/" done in 21.80 μs
[18:55:20] [Server thread/TRACE] [REI] [REICommonPlugin END] Reloading Section: "end-reload/FluidComparatorRegistryImpl/"
[18:55:20] [Server thread/TRACE] [REI] [REICommonPlugin END] Reloading Section: "end-reload/FluidComparatorRegistryImpl/" done in 109.9 μs
[18:55:20] [Server thread/TRACE] [REI] [REICommonPlugin END] Reloading Section: "end-reload/DisplaySerializerRegistryImpl/"
[18:55:20] [Server thread/TRACE] [REI] [REICommonPlugin END] Reloading Section: "end-reload/DisplaySerializerRegistryImpl/" done in 54.60 μs
[18:55:20] [Server thread/TRACE] [REI] [REICommonPlugin END] Reloading Section: "end-reload/ServerDisplayRegistryImpl/"
[18:55:20] [Server thread/DEBUG] [REI] Found preliminary 0 displays
[18:55:20] [Server thread/DEBUG] [REI] Filled 1827 displays from recipe manager in 128.6 ms
[18:55:20] [Server thread/TRACE] [REI] [REICommonPlugin END] Reloading Section: "end-reload/ServerDisplayRegistryImpl/" done in 129.2 ms
[18:55:20] [Server thread/TRACE] [REI] [REICommonPlugin END] Reloading Section: "end-reload/FluidSupportProviderImpl/"
[18:55:20] [Server thread/TRACE] [REI] [REICommonPlugin END] Reloading Section: "end-reload/FluidSupportProviderImpl/" done in 49.70 μs
[18:55:20] [Server thread/TRACE] [REI] [REICommonPlugin END] Reloading Section: "end-reload/" done in 131.5 ms
[18:55:20] [Server thread/DEBUG] [REI] ========================================
[18:55:20] [Server thread/DEBUG] [REI] REICommonPlugin ended main-reload for END in 159.8 ms.
[18:55:20] [Server thread/DEBUG] [REI] ========================================
[18:55:20] [Server thread/DEBUG] [REI] ========================================
[18:55:20] [Server thread/DEBUG] [REI] REICommonPlugin starting post-reload for END.
[18:55:20] [Server thread/DEBUG] [REI] Reloadables (8):
[18:55:20] [Server thread/DEBUG] [REI]  - SlotAccessorRegistryImpl
[18:55:20] [Server thread/DEBUG] [REI]  - EntryTypeRegistryImpl
[18:55:20] [Server thread/DEBUG] [REI]  - EntrySettingsAdapterRegistryImpl
[18:55:20] [Server thread/DEBUG] [REI]  - ItemComparatorRegistryImpl
[18:55:20] [Server thread/DEBUG] [REI]  - FluidComparatorRegistryImpl
[18:55:20] [Server thread/DEBUG] [REI]  - DisplaySerializerRegistryImpl
[18:55:20] [Server thread/DEBUG] [REI]  - ServerDisplayRegistryImpl
[18:55:20] [Server thread/DEBUG] [REI]  - FluidSupportProviderImpl
[18:55:20] [Server thread/DEBUG] [REI] Plugins (3):
[18:55:20] [Server thread/DEBUG] [REI]  - (-100.00) DefaultPlugin of DefaultPlugin [roughlyenoughitems]
[18:55:20] [Server thread/DEBUG] [REI]  - (0.00) FabricFluidAPISupportPlugin
[18:55:20] [Server thread/DEBUG] [REI]  - (0.00) DefaultRuntimePlugin of DefaultRuntimePlugin [roughlyenoughitems]
[18:55:20] [Server thread/DEBUG] [REI] ========================================
[18:55:20] [Server thread/TRACE] [REI] [REICommonPlugin END] Reloading Section: "post-register/"
[18:55:20] [Server thread/TRACE] [REI] [REICommonPlugin END] Reloading Section: "post-register/DefaultPlugin of DefaultPlugin [roughlyenoughitems]/"
[18:55:20] [Server thread/TRACE] [REI] [REICommonPlugin END] Reloading Section: "post-register/DefaultPlugin of DefaultPlugin [roughlyenoughitems]/" done in 65.90 μs
[18:55:20] [Server thread/TRACE] [REI] [REICommonPlugin END] Reloading Section: "post-register/FabricFluidAPISupportPlugin/"
[18:55:20] [Server thread/TRACE] [REI] [REICommonPlugin END] Reloading Section: "post-register/FabricFluidAPISupportPlugin/" done in 101.4 μs
[18:55:20] [Server thread/TRACE] [REI] [REICommonPlugin END] Reloading Section: "post-register/DefaultRuntimePlugin of DefaultRuntimePlugin [roughlyenoughitems]/"
[18:55:20] [Server thread/TRACE] [REI] [REICommonPlugin END] Reloading Section: "post-register/DefaultRuntimePlugin of DefaultRuntimePlugin [roughlyenoughitems]/" done in 32.80 μs
[18:55:20] [Server thread/TRACE] [REI] [REICommonPlugin END] Reloading Section: "post-register/" done in 712.9 μs
[18:55:20] [Server thread/TRACE] [REI] [REICommonPlugin END] Reloading Section: "post-stage/"
[18:55:20] [Server thread/TRACE] [REI] [REICommonPlugin END] Reloading Section: "post-stage/SlotAccessorRegistryImpl/"
[18:55:20] [Server thread/TRACE] [REI] [REICommonPlugin END] Reloading Section: "post-stage/SlotAccessorRegistryImpl/" done in 65.00 μs
[18:55:20] [Server thread/TRACE] [REI] [REICommonPlugin END] Reloading Section: "post-stage/EntryTypeRegistryImpl/"
[18:55:20] [Server thread/TRACE] [REI] [REICommonPlugin END] Reloading Section: "post-stage/EntryTypeRegistryImpl/" done in 31.20 μs
[18:55:20] [Server thread/TRACE] [REI] [REICommonPlugin END] Reloading Section: "post-stage/EntrySettingsAdapterRegistryImpl/"
[18:55:20] [Server thread/TRACE] [REI] [REICommonPlugin END] Reloading Section: "post-stage/EntrySettingsAdapterRegistryImpl/" done in 136.9 μs
[18:55:20] [Server thread/TRACE] [REI] [REICommonPlugin END] Reloading Section: "post-stage/ItemComparatorRegistryImpl/"
[18:55:20] [Server thread/TRACE] [REI] [REICommonPlugin END] Reloading Section: "post-stage/ItemComparatorRegistryImpl/" done in 75.10 μs
[18:55:20] [Server thread/TRACE] [REI] [REICommonPlugin END] Reloading Section: "post-stage/FluidComparatorRegistryImpl/"
[18:55:20] [Server thread/TRACE] [REI] [REICommonPlugin END] Reloading Section: "post-stage/FluidComparatorRegistryImpl/" done in 21.00 μs
[18:55:20] [Server thread/TRACE] [REI] [REICommonPlugin END] Reloading Section: "post-stage/DisplaySerializerRegistryImpl/"
[18:55:20] [Server thread/TRACE] [REI] [REICommonPlugin END] Reloading Section: "post-stage/DisplaySerializerRegistryImpl/" done in 20.00 μs
[18:55:20] [Server thread/TRACE] [REI] [REICommonPlugin END] Reloading Section: "post-stage/ServerDisplayRegistryImpl/"
[18:55:20] [Server thread/TRACE] [REI] [REICommonPlugin END] Reloading Section: "post-stage/ServerDisplayRegistryImpl/" done in 25.30 μs
[18:55:20] [Server thread/TRACE] [REI] [REICommonPlugin END] Reloading Section: "post-stage/FluidSupportProviderImpl/"
[18:55:20] [Server thread/TRACE] [REI] [REICommonPlugin END] Reloading Section: "post-stage/FluidSupportProviderImpl/" done in 19.40 μs
[18:55:20] [Server thread/TRACE] [REI] [REICommonPlugin END] Reloading Section: "post-stage/" done in 1.395 ms
[18:55:20] [Server thread/DEBUG] [REI] ========================================
[18:55:20] [Server thread/INFO] [REI] REICommonPlugin finished post-reload for END in 2.361 ms, totaling 165.9 ms.
[18:55:20] [Server thread/DEBUG] [REI] ========================================
[18:55:22] [Server thread/DEBUG] [REI] Updating players with new displays version EC29FEDA00000001 [from EC29FEDA00000000]
[18:55:44] [Server thread/DEBUG] [REI] Player ChaliceOfChrist has outdated displays version 0 [latest version: EC29FEDA00000001]
[18:55:44] [Server thread/DEBUG] [REI] Player ChaliceOfChrist has outdated displays version 0 [latest version: EC29FEDA00000001], sending reset packet request.
[19:01:21] [Server thread/DEBUG] [REI] Player ChaliceOfChrist has outdated displays version 0 [latest version: EC29FEDA00000001]
[19:01:21] [Server thread/DEBUG] [REI] Player ChaliceOfChrist has outdated displays version 0 [latest version: EC29FEDA00000001], sending reset packet request.
[19:02:48] [Server thread/DEBUG] [REI] Player ChaliceOfChrist has outdated displays version 0 [latest version: EC29FEDA00000001]
[19:02:48] [Server thread/DEBUG] [REI] Player ChaliceOfChrist has outdated displays version 0 [latest version: EC29FEDA00000001], sending reset packet request.
